TN:
SF:D:\Projects\Flexget\flexget\ui\src\app.loading.js
FNF:0
FNH:0
DA:3,1
LF:1
LH:1
BRF:0
BRH:0
end_of_record
TN:
SF:D:\Projects\Flexget\flexget\ui\src\app.utils.js
FN:4,(anonymous_1)
FN:10,(anonymous_2)
FNF:2
FNH:2
FNDA:5,(anonymous_1)
FNDA:3,(anonymous_2)
DA:3,1
DA:4,1
DA:5,5
DA:9,1
DA:10,1
DA:11,3
LF:6
LH:6
BRDA:3,1,0,1
BRDA:3,1,1,0
BRDA:9,2,0,1
BRDA:9,2,1,0
BRF:4
BRH:2
end_of_record
TN:
SF:D:\Projects\Flexget\flexget\ui\src\app.module.js
FN:2,(anonymous_1)
FN:26,bootstrapApplication
FN:28,(anonymous_3)
FNF:3
FNH:3
FNDA:1,(anonymous_1)
FNDA:1,bootstrapApplication
FNDA:1,(anonymous_3)
DA:2,1
DA:5,1
DA:26,1
DA:28,1
DA:29,1
DA:31,1
DA:34,1
LF:7
LH:7
BRF:0
BRH:0
end_of_record
TN:
SF:D:\Projects\Flexget\flexget\ui\src\blocks\error\error.module.js
FN:2,(anonymous_1)
FNF:1
FNH:1
FNDA:1,(anonymous_1)
DA:2,1
DA:5,1
LF:2
LH:2
BRF:0
BRH:0
end_of_record
TN:
SF:D:\Projects\Flexget\flexget\ui\src\blocks\exception\exception.module.js
FN:2,(anonymous_1)
FNF:1
FNH:1
FNDA:1,(anonymous_1)
DA:2,1
DA:5,1
LF:2
LH:2
BRF:0
BRH:0
end_of_record
TN:
SF:D:\Projects\Flexget\flexget\ui\src\blocks\router\router-helper.module.js
FN:2,(anonymous_1)
FNF:1
FNH:1
FNDA:1,(anonymous_1)
DA:2,1
DA:5,1
LF:2
LH:2
BRF:0
BRH:0
end_of_record
TN:
SF:D:\Projects\Flexget\flexget\ui\src\blocks\url-interceptor\url-interceptor.module.js
FN:2,(anonymous_1)
FNF:1
FNH:1
FNDA:1,(anonymous_1)
DA:2,1
DA:5,1
LF:2
LH:2
BRF:0
BRH:0
end_of_record
TN:
SF:D:\Projects\Flexget\flexget\ui\src\components\404\404.module.js
FN:2,(anonymous_1)
FNF:1
FNH:1
FNDA:1,(anonymous_1)
DA:2,1
DA:5,1
LF:2
LH:2
BRF:0
BRH:0
end_of_record
TN:
SF:D:\Projects\Flexget\flexget\ui\src\components\auth\auth.module.js
FN:2,(anonymous_1)
FNF:1
FNH:1
FNDA:1,(anonymous_1)
DA:2,1
DA:5,1
LF:2
LH:2
BRF:0
BRH:0
end_of_record
TN:
SF:D:\Projects\Flexget\flexget\ui\src\components\components.module.js
FN:2,(anonymous_1)
FNF:1
FNH:1
FNDA:1,(anonymous_1)
DA:2,1
DA:5,1
LF:2
LH:2
BRF:0
BRH:0
end_of_record
TN:
SF:D:\Projects\Flexget\flexget\ui\src\components\core\core.module.js
FN:2,(anonymous_1)
FNF:1
FNH:1
FNDA:1,(anonymous_1)
DA:2,1
DA:5,1
LF:2
LH:2
BRF:0
BRH:0
end_of_record
TN:
SF:D:\Projects\Flexget\flexget\ui\src\components\home\home.module.js
FN:2,(anonymous_1)
FNF:1
FNH:1
FNDA:1,(anonymous_1)
DA:2,1
DA:5,1
LF:2
LH:2
BRF:0
BRH:0
end_of_record
TN:
SF:D:\Projects\Flexget\flexget\ui\src\components\sidenav\sidenav.module.js
FN:2,(anonymous_1)
FNF:1
FNH:1
FNDA:1,(anonymous_1)
DA:2,1
DA:5,1
LF:2
LH:2
BRF:0
BRH:0
end_of_record
TN:
SF:D:\Projects\Flexget\flexget\ui\src\components\toolbar\toolbar.module.js
FN:2,(anonymous_1)
FNF:1
FNH:1
FNDA:1,(anonymous_1)
DA:2,1
DA:5,1
LF:2
LH:2
BRF:0
BRH:0
end_of_record
TN:
SF:D:\Projects\Flexget\flexget\ui\src\components\user\user.module.js
FN:3,(anonymous_1)
FNF:1
FNH:1
FNDA:1,(anonymous_1)
DA:3,1
DA:6,1
LF:2
LH:2
BRF:0
BRH:0
end_of_record
TN:
SF:D:\Projects\Flexget\flexget\ui\src\directives\directives.module.js
FN:2,(anonymous_1)
FNF:1
FNH:1
FNDA:1,(anonymous_1)
DA:2,1
DA:5,1
LF:2
LH:2
BRF:0
BRH:0
end_of_record
TN:
SF:D:\Projects\Flexget\flexget\ui\src\plugins\config\config.module.js
FN:2,(anonymous_1)
FNF:1
FNH:1
FNDA:1,(anonymous_1)
DA:2,1
DA:5,1
DA:19,1
LF:3
LH:3
BRF:0
BRH:0
end_of_record
TN:
SF:D:\Projects\Flexget\flexget\ui\src\plugins\execute\execute.module.js
FN:2,(anonymous_1)
FNF:1
FNH:1
FNDA:1,(anonymous_1)
DA:2,1
DA:5,1
DA:11,1
LF:3
LH:3
BRF:0
BRH:0
end_of_record
TN:
SF:D:\Projects\Flexget\flexget\ui\src\plugins\history\history.module.js
FN:2,(anonymous_1)
FNF:1
FNH:1
FNDA:1,(anonymous_1)
DA:2,1
DA:5,1
DA:14,1
LF:3
LH:3
BRF:0
BRH:0
end_of_record
TN:
SF:D:\Projects\Flexget\flexget\ui\src\plugins\log\log.module.js
FN:2,(anonymous_1)
FNF:1
FNH:1
FNDA:1,(anonymous_1)
DA:2,1
DA:5,1
DA:16,1
LF:3
LH:3
BRF:0
BRH:0
end_of_record
TN:
SF:D:\Projects\Flexget\flexget\ui\src\plugins\movies\movies.module.js
FN:2,(anonymous_1)
FNF:1
FNH:1
FNDA:1,(anonymous_1)
DA:2,1
DA:5,1
DA:16,1
LF:3
LH:3
BRF:0
BRH:0
end_of_record
TN:
SF:D:\Projects\Flexget\flexget\ui\src\plugins\plugins.module.js
FN:2,(anonymous_1)
FN:10,registerPlugin
FNF:2
FNH:2
FNDA:1,(anonymous_1)
FNDA:4,registerPlugin
DA:2,1
DA:5,1
DA:10,1
DA:11,4
LF:4
LH:4
BRF:0
BRH:0
end_of_record
TN:
SF:D:\Projects\Flexget\flexget\ui\src\plugins\schedule\schedule.module.js
FN:2,(anonymous_1)
FNF:1
FNH:1
FNDA:1,(anonymous_1)
DA:2,1
DA:5,1
DA:14,1
LF:3
LH:3
BRF:0
BRH:0
end_of_record
TN:
SF:D:\Projects\Flexget\flexget\ui\src\plugins\seen\seen.module.js
FN:2,(anonymous_1)
FNF:1
FNH:1
FNDA:1,(anonymous_1)
DA:2,1
DA:5,1
DA:13,1
LF:3
LH:3
BRF:0
BRH:0
end_of_record
TN:
SF:D:\Projects\Flexget\flexget\ui\src\plugins\series\series.module.js
FN:2,(anonymous_1)
FNF:1
FNH:1
FNDA:1,(anonymous_1)
DA:2,1
DA:5,1
DA:15,1
LF:3
LH:3
BRF:0
BRH:0
end_of_record
TN:
SF:D:\Projects\Flexget\flexget\ui\src\plugins\server\server.module.js
FN:2,(anonymous_1)
FNF:1
FNH:1
FNDA:1,(anonymous_1)
DA:2,1
DA:5,1
DA:10,1
LF:3
LH:3
BRF:0
BRH:0
end_of_record
TN:
SF:D:\Projects\Flexget\flexget\ui\src\blocks\error\error-dialog.component.js
FN:2,(anonymous_1)
FN:16,errorDialogController
FN:21,close
FNF:3
FNH:3
FNDA:1,(anonymous_1)
FNDA:4,errorDialogController
FNDA:1,close
DA:2,1
DA:5,1
DA:16,1
DA:17,4
DA:19,4
DA:21,1
DA:22,1
LF:7
LH:7
BRF:0
BRH:0
end_of_record
TN:
SF:D:\Projects\Flexget\flexget\ui\src\blocks\error\error.service.js
FN:2,(anonymous_1)
FN:9,errorService
FN:22,(anonymous_3)
FN:30,showToast
FN:31,(anonymous_5)
FN:39,showDialog
FNF:6
FNH:3
FNDA:1,(anonymous_1)
FNDA:202,errorService
FNDA:0,(anonymous_3)
FNDA:1,showToast
FNDA:0,(anonymous_5)
FNDA:0,showDialog
DA:2,1
DA:5,1
DA:9,1
DA:10,202
DA:18,202
DA:25,202
DA:30,1
DA:31,1
DA:32,0
DA:33,0
DA:39,1
DA:40,0
DA:44,0
LF:13
LH:9
BRDA:32,1,0,0
BRDA:32,1,1,0
BRF:2
BRH:0
end_of_record
TN:
SF:D:\Projects\Flexget\flexget\ui\src\blocks\exception\exception.service.js
FN:2,(anonymous_1)
FN:9,exception
FN:14,catcher
FNF:3
FNH:3
FNDA:1,(anonymous_1)
FNDA:200,exception
FNDA:2,catcher
DA:2,1
DA:5,1
DA:9,1
DA:10,200
DA:14,1
DA:16,2
DA:17,1
DA:30,1
DA:33,2
LF:9
LH:9
BRDA:16,1,0,1
BRDA:16,1,1,1
BRDA:16,2,0,2
BRDA:16,2,1,1
BRF:4
BRH:4
end_of_record
TN:
SF:D:\Projects\Flexget\flexget\ui\src\blocks\router\router-helper.provider.js
FN:2,(anonymous_1)
FN:9,routerHelperProvider
FN:22,RouterHelper
FN:32,configureStates
FN:33,(anonymous_5)
FN:84,getStates
FNF:6
FNH:5
FNDA:1,(anonymous_1)
FNDA:260,routerHelperProvider
FNDA:253,RouterHelper
FNDA:253,configureStates
FNDA:253,(anonymous_5)
FNDA:0,getStates
DA:2,1
DA:5,1
DA:9,1
DA:10,260
DA:11,260
DA:12,0
DA:20,260
DA:22,1
DA:24,253
DA:25,253
DA:32,1
DA:33,253
DA:34,253
DA:35,218
DA:36,218
DA:37,218
DA:39,253
DA:41,253
DA:42,6
DA:43,18
DA:48,253
DA:49,9
DA:50,9
DA:84,1
DA:85,0
LF:25
LH:23
BRDA:11,1,0,0
BRDA:11,1,1,260
BRDA:11,2,0,260
BRDA:11,2,1,260
BRDA:34,3,0,218
BRDA:34,3,1,35
BRDA:34,4,0,253
BRDA:34,4,1,220
BRDA:41,5,0,6
BRDA:41,5,1,247
BRDA:48,6,0,9
BRDA:48,6,1,244
BRDA:48,7,0,253
BRDA:48,7,1,9
BRF:14
BRH:13
end_of_record
TN:
SF:D:\Projects\Flexget\flexget\ui\src\blocks\url-interceptor\url-interceptor.config.js
FN:2,(anonymous_1)
FN:9,configInterceptor
FNF:2
FNH:2
FNDA:1,(anonymous_1)
FNDA:7,configInterceptor
DA:2,1
DA:5,1
DA:9,1
DA:10,7
LF:4
LH:4
BRF:0
BRH:0
end_of_record
TN:
SF:D:\Projects\Flexget\flexget\ui\src\blocks\url-interceptor\url-interceptor.service.js
FN:2,(anonymous_1)
FN:9,urlInterceptor
FN:14,request
FNF:3
FNH:3
FNDA:1,(anonymous_1)
FNDA:7,urlInterceptor
FNDA:5,request
DA:2,1
DA:5,1
DA:9,1
DA:10,7
DA:14,1
DA:15,5
DA:16,1
DA:18,5
LF:8
LH:8
BRDA:15,1,0,1
BRDA:15,1,1,4
BRDA:15,2,0,5
BRDA:15,2,1,3
BRF:4
BRH:4
end_of_record
TN:
SF:D:\Projects\Flexget\flexget\ui\src\components\404\404.component.js
FN:2,(anonymous_1)
FN:13,notFoundController
FN:18,goHome
FNF:3
FNH:3
FNDA:1,(anonymous_1)
FNDA:3,notFoundController
FNDA:1,goHome
DA:2,1
DA:5,1
DA:13,1
DA:14,3
DA:16,3
DA:18,1
DA:19,1
LF:7
LH:7
BRF:0
BRH:0
end_of_record
TN:
SF:D:\Projects\Flexget\flexget\ui\src\components\404\404.route.js
FN:2,(anonymous_1)
FN:9,appRun
FN:13,getStates
FNF:3
FNH:3
FNDA:1,(anonymous_1)
FNDA:9,appRun
FNDA:9,getStates
DA:2,1
DA:5,1
DA:9,1
DA:10,9
DA:13,1
DA:14,9
LF:6
LH:6
BRF:0
BRH:0
end_of_record
TN:
SF:D:\Projects\Flexget\flexget\ui\src\components\auth\auth.config.js
FN:2,(anonymous_1)
FN:11,authenticationSetup
FN:12,(anonymous_3)
FN:17,(anonymous_4)
FN:19,(anonymous_5)
FN:26,authenticationConfig
FN:30,authInterceptor
FN:36,loginRequired
FN:42,responseError
FNF:9
FNH:9
FNDA:1,(anonymous_1)
FNDA:24,authenticationSetup
FNDA:1,(anonymous_3)
FNDA:1,(anonymous_4)
FNDA:1,(anonymous_5)
FNDA:24,authenticationConfig
FNDA:24,authInterceptor
FNDA:1,loginRequired
FNDA:6,responseError
DA:2,1
DA:5,1
DA:11,1
DA:12,24
DA:13,1
DA:17,24
DA:18,1
DA:20,1
DA:21,1
DA:26,1
DA:27,24
DA:30,1
DA:32,24
DA:36,1
DA:37,1
DA:38,1
DA:39,1
DA:42,1
DA:43,6
DA:44,3
DA:47,1
DA:48,1
DA:51,6
LF:23
LH:23
BRDA:43,1,0,3
BRDA:43,1,1,3
BRDA:44,2,0,1
BRDA:44,2,1,1
BRF:4
BRH:4
end_of_record
TN:
SF:D:\Projects\Flexget\flexget\ui\src\components\auth\auth.service.js
FN:2,(anonymous_1)
FN:9,authService
FN:25,loggedIn
FN:34,(anonymous_4)
FN:36,(anonymous_5)
FN:44,login
FN:57,loginComplete
FN:67,loginCallFailed
FN:72,logout
FN:77,logoutComplete
FN:86,state
FN:93,callFailed
FNF:12
FNH:11
FNDA:1,(anonymous_1)
FNDA:24,authService
FNDA:1,loggedIn
FNDA:0,(anonymous_4)
FNDA:1,(anonymous_5)
FNDA:5,login
FNDA:4,loginComplete
FNDA:1,loginCallFailed
FNDA:4,logout
FNDA:3,logoutComplete
FNDA:3,state
FNDA:1,callFailed
DA:2,1
DA:5,1
DA:9,1
DA:10,24
DA:12,24
DA:14,24
DA:25,1
DA:26,1
DA:28,1
DA:29,0
DA:31,1
DA:35,0
DA:37,1
DA:41,1
DA:44,1
DA:45,5
DA:46,5
DA:49,5
DA:57,1
DA:58,4
DA:59,4
DA:60,1
DA:62,3
DA:64,4
DA:67,1
DA:68,1
DA:72,1
DA:73,4
DA:77,1
DA:78,3
DA:79,3
DA:80,3
DA:81,3
DA:82,3
DA:86,1
DA:87,3
DA:88,3
DA:89,3
DA:93,1
DA:94,1
LF:40
LH:38
BRDA:28,1,0,0
BRDA:28,1,1,1
BRDA:45,2,0,5
BRDA:45,2,1,0
BRDA:59,3,0,1
BRDA:59,3,1,3
BRDA:87,4,0,3
BRDA:87,4,1,0
BRF:8
BRH:5
end_of_record
TN:
SF:D:\Projects\Flexget\flexget\ui\src\components\auth\login.component.js
FN:2,(anonymous_1)
FN:13,loginController
FN:20,login
FN:22,(anonymous_4)
FNF:4
FNH:4
FNDA:1,(anonymous_1)
FNDA:5,loginController
FNDA:3,login
FNDA:3,(anonymous_4)
DA:2,1
DA:5,1
DA:13,1
DA:14,5
DA:16,5
DA:17,5
DA:18,5
DA:20,1
DA:21,3
DA:23,3
DA:24,3
DA:25,1
DA:27,2
LF:13
LH:13
BRDA:24,1,0,1
BRDA:24,1,1,2
BRF:2
BRH:2
end_of_record
TN:
SF:D:\Projects\Flexget\flexget\ui\src\components\auth\login.route.js
FN:2,(anonymous_1)
FN:9,appRun
FN:24,getStates
FNF:3
FNH:3
FNDA:1,(anonymous_1)
FNDA:24,appRun
FNDA:24,getStates
DA:2,1
DA:5,1
DA:9,1
DA:10,24
DA:12,24
DA:21,24
DA:24,1
DA:25,24
LF:8
LH:8
BRF:0
BRH:0
end_of_record
TN:
SF:D:\Projects\Flexget\flexget\ui\src\components\core\core.config.js
FN:2,(anonymous_1)
FN:9,themesConfig
FNF:2
FNH:2
FNDA:1,(anonymous_1)
FNDA:2,themesConfig
DA:2,1
DA:5,1
DA:9,1
DA:10,2
LF:4
LH:4
BRF:0
BRH:0
end_of_record
TN:
SF:D:\Projects\Flexget\flexget\ui\src\components\core\core.provider.js
FN:2,(anonymous_1)
FN:9,flexTheme
FN:11,(anonymous_3)
FN:13,(anonymous_4)
FNF:4
FNH:2
FNDA:1,(anonymous_1)
FNDA:2,flexTheme
FNDA:0,(anonymous_3)
FNDA:0,(anonymous_4)
DA:2,1
DA:5,1
DA:9,1
DA:10,2
DA:12,0
DA:14,0
DA:18,0
LF:7
LH:4
BRDA:14,1,0,0
BRDA:14,1,1,0
BRDA:15,2,0,0
BRDA:15,2,1,0
BRF:4
BRH:0
end_of_record
TN:
SF:D:\Projects\Flexget\flexget\ui\src\components\core\core.route.js
FN:2,(anonymous_1)
FN:9,appRun
FN:13,getStates
FNF:3
FNH:3
FNDA:1,(anonymous_1)
FNDA:2,appRun
FNDA:2,getStates
DA:2,1
DA:5,1
DA:9,1
DA:10,2
DA:13,1
DA:14,2
LF:6
LH:6
BRF:0
BRH:0
end_of_record
TN:
SF:D:\Projects\Flexget\flexget\ui\src\components\home\home.component.js
FN:2,(anonymous_1)
FN:13,homeController
FNF:2
FNH:2
FNDA:1,(anonymous_1)
FNDA:1,homeController
DA:2,1
DA:5,1
DA:13,1
LF:3
LH:3
BRF:0
BRH:0
end_of_record
TN:
SF:D:\Projects\Flexget\flexget\ui\src\components\home\home.route.js
FN:2,(anonymous_1)
FN:9,appRun
FN:13,getStates
FNF:3
FNH:3
FNDA:1,(anonymous_1)
FNDA:6,appRun
FNDA:6,getStates
DA:2,1
DA:5,1
DA:9,1
DA:10,6
DA:13,1
DA:14,6
LF:6
LH:6
BRF:0
BRH:0
end_of_record
TN:
SF:D:\Projects\Flexget\flexget\ui\src\components\sidenav\sidenav.component.js
FN:2,(anonymous_1)
FN:13,sideNavController
FN:20,activate
FN:24,getNavRoutes
FN:25,(anonymous_5)
FN:27,(anonymous_6)
FNF:6
FNH:6
FNDA:1,(anonymous_1)
FNDA:5,sideNavController
FNDA:2,activate
FNDA:2,getNavRoutes
FNDA:6,(anonymous_5)
FNDA:2,(anonymous_6)
DA:2,1
DA:5,1
DA:13,1
DA:14,5
DA:16,5
DA:17,5
DA:18,5
DA:20,1
DA:21,2
DA:24,1
DA:25,2
DA:26,6
DA:28,2
LF:13
LH:13
BRDA:26,1,0,6
BRDA:26,1,1,4
BRF:2
BRH:2
end_of_record
TN:
SF:D:\Projects\Flexget\flexget\ui\src\components\sidenav\sidenav.service.js
FN:2,(anonymous_1)
FN:9,sideNavService
FN:15,toggle
FN:24,close
FNF:4
FNH:2
FNDA:1,(anonymous_1)
FNDA:12,sideNavService
FNDA:0,toggle
FNDA:0,close
DA:2,1
DA:5,1
DA:9,1
DA:10,12
DA:15,1
DA:16,0
DA:17,0
DA:19,0
DA:20,0
DA:24,1
DA:25,0
DA:26,0
LF:12
LH:6
BRDA:16,1,0,0
BRDA:16,1,1,0
BRDA:25,2,0,0
BRDA:25,2,1,0
BRF:4
BRH:0
end_of_record
TN:
SF:D:\Projects\Flexget\flexget\ui\src\components\toolbar\toolbar.component.js
FN:2,(anonymous_1)
FN:13,toolbarController
FN:19,activate
FNF:3
FNH:3
FNDA:1,(anonymous_1)
FNDA:4,toolbarController
FNDA:1,activate
DA:2,1
DA:5,1
DA:13,1
DA:14,4
DA:16,4
DA:17,4
DA:19,1
DA:20,1
LF:8
LH:8
BRF:0
BRH:0
end_of_record
TN:
SF:D:\Projects\Flexget\flexget\ui\src\components\toolbar\toolbar.run.js
FN:2,(anonymous_1)
FN:9,toolbarSetup
FNF:2
FNH:2
FNDA:1,(anonymous_1)
FNDA:47,toolbarSetup
DA:2,1
DA:5,1
DA:9,1
DA:10,47
DA:19,47
LF:5
LH:5
BRF:0
BRH:0
end_of_record
TN:
SF:D:\Projects\Flexget\flexget\ui\src\components\toolbar\toolbar.service.js
FN:2,(anonymous_1)
FN:9,toolBarService
FN:18,registerItem
FN:37,getMenu
FN:46,registerButton
FN:53,registerMenu
FN:66,registerMenuItem
FNF:7
FNH:7
FNDA:1,(anonymous_1)
FNDA:47,toolBarService
FNDA:92,registerItem
FNDA:73,getMenu
FNDA:19,registerButton
FNDA:47,registerMenu
FNDA:26,registerMenuItem
DA:2,1
DA:5,1
DA:9,1
DA:10,47
DA:11,47
DA:13,47
DA:18,1
DA:19,92
DA:21,47
DA:22,47
DA:25,26
DA:26,26
DA:29,19
DA:30,19
DA:33,0
DA:37,1
DA:38,73
DA:39,26
DA:40,26
DA:41,26
DA:46,1
DA:47,19
DA:48,0
DA:50,19
DA:53,1
DA:55,47
DA:56,47
DA:57,47
DA:58,0
DA:60,47
DA:62,0
DA:66,1
DA:67,26
DA:68,0
DA:71,26
DA:72,26
DA:73,26
DA:75,0
LF:38
LH:32
BRDA:19,1,0,47
BRDA:19,1,1,26
BRDA:19,1,2,19
BRDA:19,1,3,0
BRDA:40,2,0,26
BRDA:40,2,1,0
BRDA:40,3,0,26
BRDA:40,3,1,26
BRDA:47,4,0,0
BRDA:47,4,1,19
BRDA:56,5,0,47
BRDA:56,5,1,0
BRDA:57,6,0,0
BRDA:57,6,1,47
BRDA:67,7,0,0
BRDA:67,7,1,26
BRDA:72,8,0,26
BRDA:72,8,1,0
BRF:18
BRH:11
end_of_record
TN:
SF:D:\Projects\Flexget\flexget\ui\src\directives\material-pagination\material-pagination.directive.js
FN:2,(anonymous_1)
FN:10,fgMaterialPagination
FN:26,pagingLink
FN:27,(anonymous_4)
FN:34,addRange
FN:40,(anonymous_6)
FN:47,internalAction
FN:57,setPrevNext
FN:67,(anonymous_9)
FN:82,(anonymous_10)
FN:96,updateButtons
FNF:11
FNH:1
FNDA:1,(anonymous_1)
FNDA:0,fgMaterialPagination
FNDA:0,pagingLink
FNDA:0,(anonymous_4)
FNDA:0,addRange
FNDA:0,(anonymous_6)
FNDA:0,internalAction
FNDA:0,setPrevNext
FNDA:0,(anonymous_9)
FNDA:0,(anonymous_10)
FNDA:0,updateButtons
DA:2,1
DA:5,1
DA:10,1
DA:11,0
DA:23,0
DA:26,1
DA:27,0
DA:28,0
DA:29,0
DA:34,1
DA:35,0
DA:36,0
DA:37,0
DA:41,0
DA:47,1
DA:48,0
DA:49,0
DA:52,0
DA:57,1
DA:58,0
DA:59,0
DA:61,0
DA:62,0
DA:64,0
DA:68,0
DA:69,0
DA:73,0
DA:76,0
DA:77,0
DA:79,0
DA:83,0
DA:84,0
DA:88,0
DA:91,0
DA:92,0
DA:96,1
DA:97,0
DA:99,0
DA:101,0
DA:104,0
DA:106,0
DA:107,0
DA:111,0
DA:112,0
DA:116,0
DA:117,0
DA:122,0
DA:127,0
LF:48
LH:8
BRDA:28,1,0,0
BRDA:28,1,1,0
BRDA:39,2,0,0
BRDA:39,2,1,0
BRDA:48,3,0,0
BRDA:48,3,1,0
BRDA:59,4,0,0
BRDA:59,4,1,0
BRDA:62,5,0,0
BRDA:62,5,1,0
BRDA:68,6,0,0
BRDA:68,6,1,0
BRDA:77,7,0,0
BRDA:77,7,1,0
BRDA:83,8,0,0
BRDA:83,8,1,0
BRDA:91,9,0,0
BRDA:91,9,1,0
BRDA:106,10,0,0
BRDA:106,10,1,0
BRDA:111,11,0,0
BRDA:111,11,1,0
BRDA:116,12,0,0
BRDA:116,12,1,0
BRF:24
BRH:0
end_of_record
TN:
SF:D:\Projects\Flexget\flexget\ui\src\directives\palette-background\palette-background.directive.js
FN:2,(anonymous_1)
FN:10,paletteBackground
FN:18,link
FNF:3
FNH:1
FNDA:1,(anonymous_1)
FNDA:0,paletteBackground
FNDA:0,link
DA:2,1
DA:5,1
DA:10,1
DA:11,0
DA:16,0
DA:18,1
DA:19,0
DA:20,0
DA:22,0
DA:23,0
LF:10
LH:4
BRDA:22,1,0,0
BRDA:22,1,1,0
BRF:2
BRH:0
end_of_record
TN:
SF:D:\Projects\Flexget\flexget\ui\src\plugins\config\config.component.js
FN:2,(anonymous_1)
FN:13,configController
FN:22,activate
FN:29,initCache
FN:39,loadConfig
FN:40,(anonymous_6)
FN:47,saveOriginalConfig
FN:51,setupAceOptions
FN:62,aceLoaded
FN:74,(anonymous_10)
FN:84,getTheme
FN:89,updateTheme
FN:93,saveConfig
FN:96,(anonymous_14)
FN:108,(anonymous_15)
FNF:15
FNH:9
FNDA:1,(anonymous_1)
FNDA:4,configController
FNDA:3,activate
FNDA:3,initCache
FNDA:3,loadConfig
FNDA:3,(anonymous_6)
FNDA:3,saveOriginalConfig
FNDA:3,setupAceOptions
FNDA:0,aceLoaded
FNDA:0,(anonymous_10)
FNDA:3,getTheme
FNDA:0,updateTheme
FNDA:0,saveConfig
FNDA:0,(anonymous_14)
FNDA:0,(anonymous_15)
DA:2,1
DA:5,1
DA:13,1
DA:14,4
DA:16,4
DA:17,4
DA:18,4
DA:20,4
DA:22,1
DA:23,3
DA:24,3
DA:26,3
DA:29,1
DA:30,3
DA:31,1
DA:36,3
DA:39,1
DA:40,3
DA:41,3
DA:42,3
DA:43,3
DA:47,1
DA:48,3
DA:51,1
DA:52,3
DA:58,3
DA:59,3
DA:62,1
DA:64,0
DA:69,0
DA:71,0
DA:75,0
DA:76,0
DA:81,0
DA:84,1
DA:85,3
DA:86,3
DA:89,1
DA:90,0
DA:93,1
DA:94,0
DA:95,0
DA:97,0
DA:102,0
DA:104,0
DA:105,0
DA:107,0
DA:109,0
LF:48
LH:33
BRDA:30,1,0,1
BRDA:30,1,1,2
BRDA:75,2,0,0
BRDA:75,2,1,0
BRDA:86,3,0,0
BRDA:86,3,1,3
BRF:6
BRH:3
end_of_record
TN:
SF:D:\Projects\Flexget\flexget\ui\src\plugins\config\config.route.js
FN:2,(anonymous_1)
FN:9,appRun
FN:20,goToRoute
FN:27,getStates
FNF:4
FNH:3
FNDA:1,(anonymous_1)
FNDA:7,appRun
FNDA:0,goToRoute
FNDA:7,getStates
DA:2,1
DA:5,1
DA:9,1
DA:10,7
DA:12,7
DA:20,1
DA:21,0
DA:24,7
DA:27,1
DA:28,7
LF:10
LH:9
BRF:0
BRH:0
end_of_record
TN:
SF:D:\Projects\Flexget\flexget\ui\src\plugins\config\config.service.js
FN:2,(anonymous_1)
FN:9,configService
FN:15,getRawConfig
FN:20,getRawConfigComplete
FN:25,saveRawConfig
FN:32,saveRawConfigComplete
FN:36,saveRawConfigFailed
FN:41,callFailed
FNF:8
FNH:2
FNDA:1,(anonymous_1)
FNDA:4,configService
FNDA:0,getRawConfig
FNDA:0,getRawConfigComplete
FNDA:0,saveRawConfig
FNDA:0,saveRawConfigComplete
FNDA:0,saveRawConfigFailed
FNDA:0,callFailed
DA:2,1
DA:5,1
DA:9,1
DA:10,4
DA:15,1
DA:16,0
DA:20,1
DA:21,0
DA:25,1
DA:26,0
DA:32,1
DA:33,0
DA:36,1
DA:37,0
DA:41,1
DA:42,0
LF:16
LH:10
BRF:0
BRH:0
end_of_record
TN:
SF:D:\Projects\Flexget\flexget\ui\src\plugins\execute\components\execute-input\execute-input.component.js
FN:2,(anonymous_1)
FN:17,executeInputController
FN:68,activate
FN:72,getTasks
FN:73,(anonymous_5)
FN:80,searchTask
FN:81,(anonymous_7)
FN:83,filterFn
FN:92,startExecute
FN:94,(anonymous_10)
FNF:10
FNH:10
FNDA:1,(anonymous_1)
FNDA:11,executeInputController
FNDA:3,activate
FNDA:3,getTasks
FNDA:3,(anonymous_5)
FNDA:3,searchTask
FNDA:2,(anonymous_7)
FNDA:4,filterFn
FNDA:2,startExecute
FNDA:8,(anonymous_10)
DA:2,1
DA:5,1
DA:17,1
DA:18,11
DA:20,11
DA:21,11
DA:22,11
DA:24,11
DA:25,11
DA:26,11
DA:28,11
DA:66,11
DA:68,1
DA:69,3
DA:72,1
DA:73,3
DA:74,3
DA:75,6
DA:80,1
DA:81,3
DA:82,2
DA:83,2
DA:84,4
DA:88,3
DA:89,3
DA:92,1
DA:93,2
DA:94,2
DA:95,8
DA:97,2
LF:30
LH:30
BRDA:88,1,0,2
BRDA:88,1,1,1
BRF:2
BRH:2
end_of_record
TN:
SF:D:\Projects\Flexget\flexget\ui\src\plugins\execute\components\execute-stream\execute-stream.component.js
FN:2,(anonymous_1)
FN:17,executeStreamController
FN:27,activate
FN:32,setupTaskProperties
FN:45,startStream
FN:58,progressNode
FN:64,summaryNode
FN:70,entryDumpNode
FN:75,logNode
FN:80,clear
FN:87,updateProgress
FNF:11
FNH:6
FNDA:1,(anonymous_1)
FNDA:6,executeStreamController
FNDA:2,activate
FNDA:2,setupTaskProperties
FNDA:2,startStream
FNDA:0,progressNode
FNDA:0,summaryNode
FNDA:0,entryDumpNode
FNDA:0,logNode
FNDA:2,clear
FNDA:0,updateProgress
DA:2,1
DA:5,1
DA:17,1
DA:18,6
DA:20,6
DA:21,6
DA:22,6
DA:23,6
DA:25,6
DA:27,1
DA:28,2
DA:29,2
DA:32,1
DA:33,2
DA:34,4
DA:41,4
DA:45,1
DA:46,2
DA:47,2
DA:48,2
DA:49,2
DA:51,2
DA:53,2
DA:58,1
DA:59,0
DA:60,0
DA:61,0
DA:64,1
DA:65,0
DA:66,0
DA:67,0
DA:70,1
DA:71,0
DA:72,0
DA:75,1
DA:76,0
DA:80,1
DA:81,2
DA:82,0
DA:84,2
DA:87,1
DA:88,0
DA:89,0
DA:90,0
DA:92,0
LF:45
LH:31
BRDA:81,1,0,0
BRDA:81,1,1,2
BRF:2
BRH:1
end_of_record
TN:
SF:D:\Projects\Flexget\flexget\ui\src\plugins\execute\execute.component.js
FN:2,(anonymous_1)
FN:13,executeController
FN:24,activate
FN:30,getRunning
FN:31,(anonymous_5)
FN:36,execute
FN:43,stopStream
FN:48,destroy
FNF:8
FNH:8
FNDA:1,(anonymous_1)
FNDA:11,executeController
FNDA:3,activate
FNDA:4,getRunning
FNDA:4,(anonymous_5)
FNDA:2,execute
FNDA:2,stopStream
FNDA:1,destroy
DA:2,1
DA:5,1
DA:13,1
DA:14,11
DA:16,11
DA:17,11
DA:18,11
DA:19,11
DA:20,11
DA:22,11
DA:24,1
DA:25,3
DA:27,3
DA:30,1
DA:31,4
DA:32,4
DA:36,1
DA:37,2
DA:39,2
DA:40,2
DA:43,1
DA:44,2
DA:45,2
DA:48,1
DA:49,1
LF:25
LH:25
BRF:0
BRH:0
end_of_record
TN:
SF:D:\Projects\Flexget\flexget\ui\src\plugins\execute\execute.filter.js
FN:2,(anonymous_1)
FN:9,executePhaseFilter
FN:20,(anonymous_3)
FNF:3
FNH:3
FNDA:1,(anonymous_1)
FNDA:3,executePhaseFilter
FNDA:8,(anonymous_3)
DA:2,1
DA:5,1
DA:9,1
DA:10,3
DA:20,3
DA:21,8
DA:22,7
DA:24,1
LF:8
LH:8
BRDA:21,1,0,7
BRDA:21,1,1,1
BRF:2
BRH:2
end_of_record
TN:
SF:D:\Projects\Flexget\flexget\ui\src\plugins\execute\execute.route.js
FN:2,(anonymous_1)
FN:9,appRun
FN:13,getStates
FNF:3
FNH:3
FNDA:1,(anonymous_1)
FNDA:39,appRun
FNDA:39,getStates
DA:2,1
DA:5,1
DA:9,1
DA:10,39
DA:13,1
DA:14,39
LF:6
LH:6
BRF:0
BRH:0
end_of_record
TN:
SF:D:\Projects\Flexget\flexget\ui\src\plugins\execute\execute.service.js
FN:2,(anonymous_1)
FN:9,executeService
FN:16,getTasks
FN:21,getTasksComplete
FN:26,getQueue
FN:31,getQueueComplete
FN:36,executeTasks
FN:43,(anonymous_8)
FN:45,(anonymous_9)
FN:49,(anonymous_10)
FN:54,(anonymous_11)
FN:59,(anonymous_12)
FN:64,(anonymous_13)
FN:69,(anonymous_14)
FN:76,callFailed
FNF:15
FNH:13
FNDA:1,(anonymous_1)
FNDA:33,executeService
FNDA:2,getTasks
FNDA:1,getTasksComplete
FNDA:2,getQueue
FNDA:1,getQueueComplete
FNDA:2,executeTasks
FNDA:0,(anonymous_8)
FNDA:4,(anonymous_9)
FNDA:2,(anonymous_10)
FNDA:2,(anonymous_11)
FNDA:2,(anonymous_12)
FNDA:2,(anonymous_13)
FNDA:0,(anonymous_14)
FNDA:2,callFailed
DA:2,1
DA:5,1
DA:9,1
DA:10,33
DA:16,1
DA:17,2
DA:21,1
DA:22,1
DA:26,1
DA:27,2
DA:31,1
DA:32,1
DA:36,1
DA:37,2
DA:39,2
DA:44,0
DA:46,4
DA:49,2
DA:50,2
DA:51,2
DA:54,2
DA:55,2
DA:56,2
DA:59,2
DA:60,2
DA:61,2
DA:64,2
DA:65,2
DA:66,2
DA:69,2
DA:70,0
DA:73,2
DA:76,1
DA:77,2
LF:34
LH:32
BRF:0
BRH:0
end_of_record
TN:
SF:D:\Projects\Flexget\flexget\ui\src\plugins\history\history.component.js
FN:2,(anonymous_1)
FN:13,historyController
FN:18,activate
FN:22,getHistory
FN:23,(anonymous_5)
FNF:5
FNH:5
FNDA:1,(anonymous_1)
FNDA:3,historyController
FNDA:2,activate
FNDA:2,getHistory
FNDA:2,(anonymous_5)
DA:2,1
DA:5,1
DA:13,1
DA:14,3
DA:16,3
DA:18,1
DA:19,2
DA:22,1
DA:23,2
DA:24,2
LF:10
LH:10
BRF:0
BRH:0
end_of_record
TN:
SF:D:\Projects\Flexget\flexget\ui\src\plugins\history\history.route.js
FN:2,(anonymous_1)
FN:9,appRun
FN:13,getStates
FNF:3
FNH:3
FNDA:1,(anonymous_1)
FNDA:9,appRun
FNDA:9,getStates
DA:2,1
DA:5,1
DA:9,1
DA:10,9
DA:13,1
DA:14,9
LF:6
LH:6
BRF:0
BRH:0
end_of_record
TN:
SF:D:\Projects\Flexget\flexget\ui\src\plugins\history\history.service.js
FN:2,(anonymous_1)
FN:9,historyService
FN:21,getHistory
FN:26,getHistoryComplete
FN:31,callFailed
FNF:5
FNH:5
FNDA:1,(anonymous_1)
FNDA:6,historyService
FNDA:2,getHistory
FNDA:1,getHistoryComplete
FNDA:1,callFailed
DA:2,1
DA:5,1
DA:9,1
DA:11,6
DA:12,1
DA:15,6
DA:17,6
DA:21,1
DA:22,2
DA:26,1
DA:27,1
DA:31,1
DA:32,1
LF:13
LH:13
BRDA:11,1,0,1
BRDA:11,1,1,5
BRF:2
BRH:2
end_of_record
TN:
SF:D:\Projects\Flexget\flexget\ui\src\plugins\log\log.component.js
FN:2,(anonymous_1)
FN:13,logController
FN:33,activate
FN:37,toggle
FN:45,clear
FN:49,stop
FN:57,refresh
FN:64,start
FN:79,startFunction
FN:83,messageFunction
FN:87,failFunction
FN:107,destroy
FNF:12
FNH:7
FNDA:1,(anonymous_1)
FNDA:9,logController
FNDA:1,activate
FNDA:2,toggle
FNDA:1,clear
FNDA:0,stop
FNDA:1,refresh
FNDA:0,start
FNDA:0,startFunction
FNDA:0,messageFunction
FNDA:0,failFunction
FNDA:1,destroy
DA:2,1
DA:5,1
DA:13,1
DA:14,9
DA:16,9
DA:17,9
DA:18,9
DA:19,9
DA:20,9
DA:21,9
DA:22,9
DA:24,9
DA:29,9
DA:33,1
DA:34,1
DA:37,1
DA:38,2
DA:39,1
DA:41,1
DA:45,1
DA:46,1
DA:49,1
DA:50,0
DA:51,0
DA:52,0
DA:53,0
DA:57,1
DA:59,1
DA:61,1
DA:64,1
DA:65,0
DA:66,0
DA:68,0
DA:69,0
DA:70,0
DA:73,0
DA:75,0
DA:79,1
DA:80,0
DA:83,1
DA:84,0
DA:87,1
DA:88,0
DA:92,9
DA:107,1
DA:108,1
LF:46
LH:32
BRDA:38,1,0,1
BRDA:38,1,1,1
BRDA:50,2,0,0
BRDA:50,2,1,0
BRDA:50,3,0,0
BRDA:50,3,1,0
BRDA:69,4,0,0
BRDA:69,4,1,0
BRF:8
BRH:2
end_of_record
TN:
SF:D:\Projects\Flexget\flexget\ui\src\plugins\log\log.route.js
FN:2,(anonymous_1)
FN:9,appRun
FN:20,goToRoute
FN:27,getStates
FNF:4
FNH:3
FNDA:1,(anonymous_1)
FNDA:12,appRun
FNDA:0,goToRoute
FNDA:12,getStates
DA:2,1
DA:5,1
DA:9,1
DA:10,12
DA:12,12
DA:20,1
DA:21,0
DA:24,12
DA:27,1
DA:28,12
LF:10
LH:9
BRF:0
BRH:0
end_of_record
TN:
SF:D:\Projects\Flexget\flexget\ui\src\plugins\log\log.service.js
FN:2,(anonymous_1)
FN:9,logService
FN:14,startLogStream
FN:20,(anonymous_4)
FN:22,(anonymous_5)
FN:26,(anonymous_6)
FN:31,(anonymous_7)
FN:36,(anonymous_8)
FNF:8
FNH:2
FNDA:1,(anonymous_1)
FNDA:9,logService
FNDA:0,startLogStream
FNDA:0,(anonymous_4)
FNDA:0,(anonymous_5)
FNDA:0,(anonymous_6)
FNDA:0,(anonymous_7)
FNDA:0,(anonymous_8)
DA:2,1
DA:5,1
DA:9,1
DA:10,9
DA:14,1
DA:15,0
DA:17,0
DA:21,0
DA:23,0
DA:26,0
DA:27,0
DA:28,0
DA:31,0
DA:32,0
DA:33,0
DA:36,0
DA:37,0
DA:40,0
LF:18
LH:5
BRF:0
BRH:0
end_of_record
TN:
SF:D:\Projects\Flexget\flexget\ui\src\plugins\movies\components\movie-entry\movie-entry.component.js
FN:2,(anonymous_1)
FN:17,movieEntryController
FN:22,activate
FN:26,getMetadata
FN:31,(anonymous_5)
FN:37,(anonymous_6)
FNF:6
FNH:6
FNDA:1,(anonymous_1)
FNDA:3,movieEntryController
FNDA:2,activate
FNDA:2,getMetadata
FNDA:6,(anonymous_5)
FNDA:2,(anonymous_6)
DA:2,1
DA:5,1
DA:17,1
DA:18,3
DA:20,3
DA:22,1
DA:23,2
DA:26,1
DA:27,2
DA:31,2
DA:32,6
DA:33,6
DA:34,6
DA:37,2
DA:38,2
LF:15
LH:15
BRF:0
BRH:0
end_of_record
TN:
SF:D:\Projects\Flexget\flexget\ui\src\plugins\movies\components\movie-list\movie-list.component.js
FN:2,(anonymous_1)
FN:19,movieListController
FN:33,activate
FN:40,deleteList
FN:47,loadMovies
FN:49,(anonymous_6)
FN:58,deleteMovie
FN:65,(anonymous_8)
FN:67,(anonymous_9)
FN:75,updateListPage
FNF:10
FNH:9
FNDA:1,(anonymous_1)
FNDA:11,movieListController
FNDA:2,activate
FNDA:1,deleteList
FNDA:2,loadMovies
FNDA:1,(anonymous_6)
FNDA:3,deleteMovie
FNDA:2,(anonymous_8)
FNDA:1,(anonymous_9)
FNDA:0,updateListPage
DA:2,1
DA:5,1
DA:19,1
DA:20,11
DA:22,11
DA:23,11
DA:24,11
DA:25,11
DA:26,11
DA:28,11
DA:33,1
DA:35,2
DA:36,1
DA:40,1
DA:41,1
DA:42,1
DA:44,1
DA:47,1
DA:48,2
DA:50,1
DA:52,1
DA:53,1
DA:54,1
DA:58,1
DA:59,3
DA:65,3
DA:66,2
DA:68,1
DA:69,1
DA:75,1
DA:76,0
DA:78,0
LF:32
LH:30
BRDA:35,1,0,1
BRDA:35,1,1,1
BRF:2
BRH:2
end_of_record
TN:
SF:D:\Projects\Flexget\flexget\ui\src\plugins\movies\components\new-list\new-list.component.js
FN:2,(anonymous_1)
FN:16,newListController
FN:22,cancel
FN:26,saveList
FN:27,(anonymous_5)
FNF:5
FNH:5
FNDA:1,(anonymous_1)
FNDA:7,newListController
FNDA:1,cancel
FNDA:3,saveList
FNDA:2,(anonymous_5)
DA:2,1
DA:5,1
DA:16,1
DA:17,7
DA:19,7
DA:20,7
DA:22,1
DA:23,1
DA:26,1
DA:27,3
DA:28,2
LF:11
LH:11
BRF:0
BRH:0
end_of_record
TN:
SF:D:\Projects\Flexget\flexget\ui\src\plugins\movies\movies.component.js
FN:2,(anonymous_1)
FN:13,moviesController
FN:21,activate
FN:25,getMovieLists
FN:26,(anonymous_5)
FN:31,deleteMovieList
FN:39,(anonymous_7)
FN:41,(anonymous_8)
FN:48,newList
FN:52,(anonymous_10)
FN:63,(anonymous_11)
FN:66,(anonymous_12)
FNF:12
FNH:11
FNDA:1,(anonymous_1)
FNDA:10,moviesController
FNDA:2,activate
FNDA:2,getMovieLists
FNDA:2,(anonymous_5)
FNDA:3,deleteMovieList
FNDA:2,(anonymous_7)
FNDA:1,(anonymous_8)
FNDA:2,newList
FNDA:2,(anonymous_10)
FNDA:0,(anonymous_11)
FNDA:1,(anonymous_12)
DA:2,1
DA:5,1
DA:13,1
DA:14,10
DA:16,10
DA:17,10
DA:18,10
DA:19,10
DA:21,1
DA:22,2
DA:25,1
DA:26,2
DA:27,2
DA:31,1
DA:32,3
DA:39,3
DA:40,2
DA:42,1
DA:43,1
DA:48,1
DA:49,2
DA:50,2
DA:52,2
DA:53,2
DA:56,2
DA:66,2
DA:67,1
DA:68,1
LF:28
LH:28
BRDA:67,1,0,1
BRDA:67,1,1,0
BRF:2
BRH:1
end_of_record
TN:
SF:D:\Projects\Flexget\flexget\ui\src\plugins\movies\movies.route.js
FN:2,(anonymous_1)
FN:9,appRun
FN:13,getStates
FNF:3
FNH:3
FNDA:1,(anonymous_1)
FNDA:47,appRun
FNDA:47,getStates
DA:2,1
DA:5,1
DA:9,1
DA:10,47
DA:13,1
DA:14,47
LF:6
LH:6
BRF:0
BRH:0
end_of_record
TN:
SF:D:\Projects\Flexget\flexget\ui\src\plugins\movies\movies.service.js
FN:2,(anonymous_1)
FN:9,moviesService
FN:28,getLists
FN:33,getListsComplete
FN:38,deleteList
FN:43,deleteListComplete
FN:48,getListMovies
FN:53,getListMoviesComplete
FN:58,deleteMovie
FN:63,deleteMovieComplete
FN:70,createList
FN:75,createListComplete
FN:80,getMovieMetadata
FN:88,getMovieMetadataComplete
FN:93,callFailed
FNF:15
FNH:15
FNDA:1,(anonymous_1)
FNDA:44,moviesService
FNDA:2,getLists
FNDA:1,getListsComplete
FNDA:2,deleteList
FNDA:1,deleteListComplete
FNDA:2,getListMovies
FNDA:1,getListMoviesComplete
FNDA:2,deleteMovie
FNDA:1,deleteMovieComplete
FNDA:2,createList
FNDA:1,createListComplete
FNDA:2,getMovieMetadata
FNDA:1,getMovieMetadataComplete
FNDA:6,callFailed
DA:2,1
DA:5,1
DA:9,1
DA:19,44
DA:28,1
DA:29,2
DA:33,1
DA:34,1
DA:38,1
DA:39,2
DA:43,1
DA:44,1
DA:48,1
DA:49,2
DA:53,1
DA:54,1
DA:58,1
DA:59,2
DA:63,1
DA:66,1
DA:70,1
DA:71,2
DA:75,1
DA:76,1
DA:80,1
DA:81,2
DA:88,1
DA:89,1
DA:93,1
DA:94,6
LF:30
LH:30
BRF:0
BRH:0
end_of_record
TN:
SF:D:\Projects\Flexget\flexget\ui\src\plugins\schedule\schedule.component.js
FN:2,(anonymous_1)
FN:13,scheduleController
FN:41,activate
FN:45,getSchedules
FN:46,(anonymous_5)
FNF:5
FNH:5
FNDA:1,(anonymous_1)
FNDA:3,scheduleController
FNDA:2,activate
FNDA:2,getSchedules
FNDA:2,(anonymous_5)
DA:2,1
DA:5,1
DA:13,1
DA:14,3
DA:16,3
DA:41,1
DA:42,2
DA:45,1
DA:46,2
DA:47,2
LF:10
LH:10
BRF:0
BRH:0
end_of_record
TN:
SF:D:\Projects\Flexget\flexget\ui\src\plugins\schedule\schedule.route.js
FN:2,(anonymous_1)
FN:9,appRun
FN:13,getStates
FNF:3
FNH:3
FNDA:1,(anonymous_1)
FNDA:10,appRun
FNDA:10,getStates
DA:2,1
DA:5,1
DA:9,1
DA:10,10
DA:13,1
DA:14,10
LF:6
LH:6
BRF:0
BRH:0
end_of_record
TN:
SF:D:\Projects\Flexget\flexget\ui\src\plugins\schedule\schedule.service.js
FN:2,(anonymous_1)
FN:9,schedulesService
FN:21,getSchedules
FN:26,getSchedulesComplete
FN:31,callFailed
FNF:5
FNH:5
FNDA:1,(anonymous_1)
FNDA:6,schedulesService
FNDA:2,getSchedules
FNDA:1,getSchedulesComplete
FNDA:1,callFailed
DA:2,1
DA:5,1
DA:9,1
DA:11,6
DA:12,1
DA:15,6
DA:17,6
DA:21,1
DA:22,2
DA:26,1
DA:27,1
DA:31,1
DA:32,1
LF:13
LH:13
BRDA:11,1,0,1
BRDA:11,1,1,5
BRF:2
BRH:2
end_of_record
TN:
SF:D:\Projects\Flexget\flexget\ui\src\plugins\seen\components\seen-entry\seen-entry.component.js
FN:2,(anonymous_1)
FNF:1
FNH:1
FNDA:1,(anonymous_1)
DA:2,1
DA:5,1
LF:2
LH:2
BRF:0
BRH:0
end_of_record
TN:
SF:D:\Projects\Flexget\flexget\ui\src\plugins\seen\components\seen-field\seen-field.component.js
FN:2,(anonymous_1)
FN:16,seenFieldsController
FNF:2
FNH:0
FNDA:0,(anonymous_1)
FNDA:0,seenFieldsController
DA:2,1
DA:5,0
DA:16,1
LF:3
LH:2
BRF:0
BRH:0
end_of_record
TN:
SF:D:\Projects\Flexget\flexget\ui\src\plugins\seen\seen.component.js
FN:2,(anonymous_1)
FN:13,seenController
FN:18,activate
FN:22,getSeen
FN:23,(anonymous_5)
FNF:5
FNH:5
FNDA:1,(anonymous_1)
FNDA:3,seenController
FNDA:2,activate
FNDA:2,getSeen
FNDA:2,(anonymous_5)
DA:2,1
DA:5,1
DA:13,1
DA:14,3
DA:16,3
DA:18,1
DA:19,2
DA:22,1
DA:23,2
DA:24,2
LF:10
LH:10
BRF:0
BRH:0
end_of_record
TN:
SF:D:\Projects\Flexget\flexget\ui\src\plugins\seen\seen.route.js
FN:2,(anonymous_1)
FN:9,appRun
FN:13,getStates
FNF:3
FNH:3
FNDA:1,(anonymous_1)
FNDA:11,appRun
FNDA:11,getStates
DA:2,1
DA:5,1
DA:9,1
DA:10,11
DA:13,1
DA:14,11
LF:6
LH:6
BRF:0
BRH:0
end_of_record
TN:
SF:D:\Projects\Flexget\flexget\ui\src\plugins\seen\seen.service.js
FN:2,(anonymous_1)
FN:9,seenService
FN:21,getSeen
FN:26,getSeenComplete
FN:31,callFailed
FNF:5
FNH:5
FNDA:1,(anonymous_1)
FNDA:6,seenService
FNDA:2,getSeen
FNDA:1,getSeenComplete
FNDA:1,callFailed
DA:2,1
DA:5,1
DA:9,1
DA:11,6
DA:12,1
DA:15,6
DA:17,6
DA:21,1
DA:22,2
DA:26,1
DA:27,1
DA:31,1
DA:32,1
LF:13
LH:13
BRDA:11,1,0,1
BRDA:11,1,1,5
BRF:2
BRH:2
end_of_record
TN:
SF:D:\Projects\Flexget\flexget\ui\src\plugins\series\components\episode-release\episode-release.component.js
FN:2,(anonymous_1)
FN:18,episodesReleaseController
FN:30,resetRelease
FN:37,(anonymous_4)
FN:43,forgetRelease
FN:50,(anonymous_6)
FN:55,cancel
FNF:7
FNH:7
FNDA:1,(anonymous_1)
FNDA:9,episodesReleaseController
FNDA:2,resetRelease
FNDA:1,(anonymous_4)
FNDA:2,forgetRelease
FNDA:1,(anonymous_6)
FNDA:1,cancel
DA:2,1
DA:5,1
DA:18,1
DA:19,9
DA:21,9
DA:22,9
DA:23,9
DA:25,9
DA:30,1
DA:31,2
DA:37,2
DA:38,1
DA:43,1
DA:44,2
DA:50,2
DA:51,1
DA:55,1
DA:56,1
LF:18
LH:18
BRF:0
BRH:0
end_of_record
TN:
SF:D:\Projects\Flexget\flexget\ui\src\plugins\series\components\episode-releases\episode-releases.component.js
FN:2,(anonymous_1)
FN:17,episodesReleasesController
FN:23,activate
FN:27,loadReleases
FN:28,(anonymous_5)
FN:33,cancel
FNF:6
FNH:6
FNDA:1,(anonymous_1)
FNDA:5,episodesReleasesController
FNDA:2,activate
FNDA:2,loadReleases
FNDA:2,(anonymous_5)
FNDA:1,cancel
DA:2,1
DA:5,1
DA:17,1
DA:18,5
DA:20,5
DA:21,5
DA:23,1
DA:24,2
DA:27,1
DA:28,2
DA:29,2
DA:33,1
DA:34,1
LF:13
LH:13
BRF:0
BRH:0
end_of_record
TN:
SF:D:\Projects\Flexget\flexget\ui\src\plugins\series\components\series-begin-dialog\series-begin-dialog.component.js
FN:2,(anonymous_1)
FN:15,seriesBeginDialogController
FN:22,activate
FN:27,cancel
FN:31,saveBegin
FN:37,(anonymous_6)
FNF:6
FNH:1
FNDA:1,(anonymous_1)
FNDA:0,seriesBeginDialogController
FNDA:0,activate
FNDA:0,cancel
FNDA:0,saveBegin
FNDA:0,(anonymous_6)
DA:2,1
DA:4,1
DA:15,1
DA:16,0
DA:18,0
DA:19,0
DA:20,0
DA:22,1
DA:23,0
DA:24,0
DA:27,1
DA:28,0
DA:31,1
DA:33,0
DA:37,0
DA:38,0
LF:16
LH:6
BRF:0
BRH:0
end_of_record
TN:
SF:D:\Projects\Flexget\flexget\ui\src\plugins\series\components\series-entry\series-entry.component.js
FN:2,(anonymous_1)
FN:19,seriesEntryController
FN:29,(anonymous_3)
FN:32,activate
FN:36,loadMetadata
FN:38,(anonymous_6)
FN:43,setBegin
FN:48,(anonymous_8)
FNF:8
FNH:5
FNDA:1,(anonymous_1)
FNDA:3,seriesEntryController
FNDA:0,(anonymous_3)
FNDA:2,activate
FNDA:2,loadMetadata
FNDA:2,(anonymous_6)
FNDA:0,setBegin
FNDA:0,(anonymous_8)
DA:2,1
DA:5,1
DA:19,1
DA:20,3
DA:22,3
DA:23,3
DA:25,3
DA:32,1
DA:33,2
DA:36,1
DA:37,2
DA:39,2
DA:43,1
DA:44,0
DA:48,0
DA:49,0
DA:50,0
LF:17
LH:13
BRDA:49,1,0,0
BRDA:49,1,1,0
BRF:2
BRH:0
end_of_record
TN:
SF:D:\Projects\Flexget\flexget\ui\src\plugins\series\components\series-episode\series-episode.component.js
FN:2,(anonymous_1)
FN:18,seriesEpisodeController
FN:37,(anonymous_3)
FN:40,showReleases
FN:45,resetReleases
FN:52,(anonymous_6)
FN:58,deleteReleases
FN:65,(anonymous_8)
FN:67,(anonymous_9)
FNF:9
FNH:8
FNDA:1,(anonymous_1)
FNDA:10,seriesEpisodeController
FNDA:0,(anonymous_3)
FNDA:1,showReleases
FNDA:2,resetReleases
FNDA:1,(anonymous_6)
FNDA:3,deleteReleases
FNDA:2,(anonymous_8)
FNDA:1,(anonymous_9)
DA:2,1
DA:5,1
DA:18,1
DA:19,10
DA:21,10
DA:22,10
DA:23,10
DA:25,10
DA:29,10
DA:40,1
DA:41,1
DA:45,1
DA:46,2
DA:52,2
DA:53,1
DA:58,1
DA:59,3
DA:65,3
DA:66,2
DA:68,1
LF:20
LH:20
BRF:0
BRH:0
end_of_record
TN:
SF:D:\Projects\Flexget\flexget\ui\src\plugins\series\components\series-episodes\series-episodes.component.js
FN:2,(anonymous_1)
FN:17,episodesController
FN:32,activate
FN:37,(anonymous_4)
FN:44,getEpisodesList
FN:46,(anonymous_6)
FN:60,deleteEpisode
FN:67,(anonymous_8)
FN:69,(anonymous_9)
FNF:9
FNH:8
FNDA:1,(anonymous_1)
FNDA:7,episodesController
FNDA:2,activate
FNDA:0,(anonymous_4)
FNDA:2,getEpisodesList
FNDA:2,(anonymous_6)
FNDA:3,deleteEpisode
FNDA:2,(anonymous_8)
FNDA:1,(anonymous_9)
DA:2,1
DA:5,1
DA:17,1
DA:18,7
DA:20,7
DA:21,7
DA:23,7
DA:28,7
DA:32,1
DA:33,2
DA:37,7
DA:38,0
DA:40,0
DA:44,1
DA:45,2
DA:48,2
DA:52,2
DA:53,2
DA:54,2
DA:60,1
DA:61,3
DA:67,3
DA:68,2
DA:71,1
DA:73,1
LF:25
LH:23
BRF:0
BRH:0
end_of_record
TN:
SF:D:\Projects\Flexget\flexget\ui\src\plugins\series\series.component.js
FN:2,(anonymous_1)
FN:13,seriesController
FN:35,activate
FN:39,getSeriesList
FN:40,(anonymous_5)
FN:49,forgetShow
FN:56,(anonymous_7)
FN:57,(anonymous_8)
FN:64,(anonymous_9)
FN:71,search
FN:74,searchShows
FN:75,(anonymous_12)
FN:80,emptySearch
FN:86,toggleEpisodes
FN:89,clearShow
FN:93,setSelectedShow
FN:95,(anonymous_17)
FN:101,areEpisodesOnShowRow
FNF:18
FNH:16
FNDA:1,(anonymous_1)
FNDA:16,seriesController
FNDA:2,activate
FNDA:5,getSeriesList
FNDA:3,(anonymous_5)
FNDA:3,forgetShow
FNDA:2,(anonymous_7)
FNDA:1,(anonymous_8)
FNDA:0,(anonymous_9)
FNDA:5,search
FNDA:3,searchShows
FNDA:1,(anonymous_12)
FNDA:2,emptySearch
FNDA:3,toggleEpisodes
FNDA:1,clearShow
FNDA:2,setSelectedShow
FNDA:2,(anonymous_17)
FNDA:0,areEpisodesOnShowRow
DA:2,1
DA:5,1
DA:13,1
DA:14,16
DA:16,16
DA:23,16
DA:27,16
DA:29,16
DA:30,16
DA:31,16
DA:32,16
DA:33,16
DA:35,1
DA:36,2
DA:39,1
DA:40,5
DA:41,3
DA:43,3
DA:44,3
DA:45,3
DA:49,1
DA:50,3
DA:56,3
DA:57,2
DA:58,1
DA:64,16
DA:65,0
DA:67,0
DA:71,1
DA:72,5
DA:74,1
DA:75,3
DA:76,1
DA:80,1
DA:81,2
DA:82,2
DA:86,1
DA:87,3
DA:89,1
DA:90,1
DA:93,1
DA:94,2
DA:95,2
DA:96,2
DA:101,1
DA:102,0
DA:103,0
DA:106,0
DA:108,0
DA:109,0
DA:110,0
DA:111,0
DA:114,0
DA:116,0
DA:117,0
DA:120,0
DA:121,0
DA:122,0
DA:124,0
DA:125,0
DA:128,0
DA:129,0
DA:132,0
DA:133,0
DA:136,0
LF:65
LH:43
BRDA:72,1,0,3
BRDA:72,1,1,2
BRDA:87,2,0,1
BRDA:87,2,1,2
BRDA:102,3,0,0
BRDA:102,3,1,0
BRDA:108,4,0,0
BRDA:108,4,1,0
BRDA:110,5,0,0
BRDA:110,5,1,0
BRDA:124,6,0,0
BRDA:124,6,1,0
BRDA:128,7,0,0
BRDA:128,7,1,0
BRDA:132,8,0,0
BRDA:132,8,1,0
BRDA:132,9,0,0
BRDA:132,9,1,0
BRF:18
BRH:4
end_of_record
TN:
SF:D:\Projects\Flexget\flexget\ui\src\plugins\series\series.route.js
FN:2,(anonymous_1)
FN:9,appRun
FN:13,getStates
FNF:3
FNH:3
FNDA:1,(anonymous_1)
FNDA:77,appRun
FNDA:77,getStates
DA:2,1
DA:5,1
DA:9,1
DA:10,77
DA:13,1
DA:14,77
LF:6
LH:6
BRF:0
BRH:0
end_of_record
TN:
SF:D:\Projects\Flexget\flexget\ui\src\plugins\series\series.service.js
FN:2,(anonymous_1)
FN:9,seriesService
FN:32,getShows
FN:41,getShowsComplete
FN:47,getShowMetadata
FN:52,getShowMetadataComplete
FN:57,deleteShow
FN:65,deleteShowComplete
FN:73,updateShow
FN:78,updateShowComplete
FN:83,searchShows
FN:88,searchShowsComplete
FN:93,getEpisodes
FN:98,getEpisodesComplete
FN:103,deleteEpisode
FN:108,deleteEpisodeComplete
FN:113,resetReleases
FN:118,resetReleasesComplete
FN:123,forgetRelease
FN:128,forgetReleaseComplete
FN:133,resetRelease
FN:138,resetReleaseComplete
FN:143,deleteReleases
FN:148,deleteReleasesComplete
FN:153,loadReleases
FN:158,loadReleasesComplete
FN:163,callFailed
FNF:27
FNH:25
FNDA:1,(anonymous_1)
FNDA:73,seriesService
FNDA:2,getShows
FNDA:1,getShowsComplete
FNDA:2,getShowMetadata
FNDA:1,getShowMetadataComplete
FNDA:2,deleteShow
FNDA:1,deleteShowComplete
FNDA:0,updateShow
FNDA:0,updateShowComplete
FNDA:2,searchShows
FNDA:1,searchShowsComplete
FNDA:2,getEpisodes
FNDA:1,getEpisodesComplete
FNDA:2,deleteEpisode
FNDA:1,deleteEpisodeComplete
FNDA:2,resetReleases
FNDA:1,resetReleasesComplete
FNDA:2,forgetRelease
FNDA:1,forgetReleaseComplete
FNDA:2,resetRelease
FNDA:1,resetReleaseComplete
FNDA:2,deleteReleases
FNDA:1,deleteReleasesComplete
FNDA:2,loadReleases
FNDA:1,loadReleasesComplete
FNDA:11,callFailed
DA:2,1
DA:5,1
DA:9,1
DA:11,73
DA:12,1
DA:15,73
DA:17,73
DA:32,1
DA:33,2
DA:41,1
DA:42,1
DA:47,1
DA:48,2
DA:52,1
DA:53,1
DA:57,1
DA:58,2
DA:65,1
DA:67,1
DA:68,1
DA:73,1
DA:74,0
DA:78,1
DA:79,0
DA:83,1
DA:84,2
DA:88,1
DA:89,1
DA:93,1
DA:94,2
DA:98,1
DA:99,1
DA:103,1
DA:104,2
DA:108,1
DA:109,1
DA:113,1
DA:114,2
DA:118,1
DA:119,1
DA:123,1
DA:124,2
DA:128,1
DA:129,1
DA:133,1
DA:134,2
DA:138,1
DA:139,1
DA:143,1
DA:144,2
DA:148,1
DA:149,1
DA:153,1
DA:154,2
DA:158,1
DA:159,1
DA:163,1
DA:164,11
LF:58
LH:56
BRDA:11,1,0,1
BRDA:11,1,1,72
BRF:2
BRH:2
end_of_record
TN:
SF:D:\Projects\Flexget\flexget\ui\src\plugins\server\loading-dialog.component.js
FN:2,(anonymous_1)
FN:17,loadingDialogController
FN:23,activate
FN:26,(anonymous_4)
FN:28,(anonymous_5)
FN:30,(anonymous_6)
FN:35,setValues
FN:40,close
FNF:8
FNH:1
FNDA:1,(anonymous_1)
FNDA:0,loadingDialogController
FNDA:0,activate
FNDA:0,(anonymous_4)
FNDA:0,(anonymous_5)
FNDA:0,(anonymous_6)
FNDA:0,setValues
FNDA:0,close
DA:2,1
DA:5,1
DA:17,1
DA:18,0
DA:20,0
DA:21,0
DA:23,1
DA:24,0
DA:26,0
DA:27,0
DA:29,0
DA:31,0
DA:35,1
DA:36,0
DA:37,0
DA:40,1
DA:41,0
LF:17
LH:6
BRF:0
BRH:0
end_of_record
TN:
SF:D:\Projects\Flexget\flexget\ui\src\plugins\server\server.route.js
FN:2,(anonymous_1)
FN:9,appRun
FNF:2
FNH:2
FNDA:1,(anonymous_1)
FNDA:1,appRun
DA:2,1
DA:5,1
DA:9,1
DA:10,1
DA:19,1
DA:28,1
DA:29,1
LF:7
LH:7
BRF:0
BRH:0
end_of_record
TN:
SF:D:\Projects\Flexget\flexget\ui\src\plugins\server\server.service.js
FN:2,(anonymous_1)
FN:9,serverService
FN:14,(anonymous_3)
FN:26,reload
FN:32,shutdown
FN:39,(anonymous_6)
FN:46,doReload
FN:51,reloadSuccess
FN:59,reloadFailed
FN:68,doShutdown
FN:75,shutdownSuccess
FN:83,shutdownFailed
FNF:12
FNH:2
FNDA:1,(anonymous_1)
FNDA:1,serverService
FNDA:0,(anonymous_3)
FNDA:0,reload
FNDA:0,shutdown
FNDA:0,(anonymous_6)
FNDA:0,doReload
FNDA:0,reloadSuccess
FNDA:0,reloadFailed
FNDA:0,doShutdown
FNDA:0,shutdownSuccess
FNDA:0,shutdownFailed
DA:2,1
DA:5,1
DA:9,1
DA:10,1
DA:21,1
DA:26,1
DA:27,0
DA:28,0
DA:29,0
DA:32,1
DA:33,0
DA:40,0
DA:41,0
DA:42,0
DA:46,1
DA:47,0
DA:51,1
DA:52,0
DA:56,0
DA:59,1
DA:60,0
DA:64,0
DA:68,1
DA:69,0
DA:71,0
DA:75,1
DA:76,0
DA:80,0
DA:83,1
DA:84,0
DA:88,0
LF:31
LH:13
BRF:0
BRH:0
end_of_record
TN:
SF:D:\Projects\Flexget\flexget\ui\src\services\schema.service.js
FN:2,(anonymous_1)
FN:8,schemaService
FN:9,(anonymous_3)
FN:17,(anonymous_4)
FN:20,(anonymous_5)
FN:25,(anonymous_6)
FN:29,(anonymous_7)
FNF:7
FNH:0
FNDA:0,(anonymous_1)
FNDA:0,schemaService
FNDA:0,(anonymous_3)
FNDA:0,(anonymous_4)
FNDA:0,(anonymous_5)
FNDA:0,(anonymous_6)
FNDA:0,(anonymous_7)
DA:2,1
DA:5,0
DA:8,1
DA:9,0
DA:12,0
DA:13,0
DA:15,0
DA:18,0
DA:21,0
DA:25,0
DA:26,0
DA:29,0
DA:30,0
LF:13
LH:2
BRDA:12,1,0,0
BRDA:12,1,1,0
BRF:2
BRH:0
end_of_record
